19:11:37 **** Incremental Build of configuration Debug for project EmployeLib ****
make all 
Building file: ../ContratException.cpp
Invoking: GCC C++ Compiler
g++ -std=c++98 -O0 -g3 -Wall -c -fmessage-length=0 -MMD -MP -MF"ContratException.d" -MT"ContratException.o" -o "ContratException.o" "../ContratException.cpp"
Finished building: ../ContratException.cpp
 
Building file: ../Date.cpp
Invoking: GCC C++ Compiler
g++ -std=c++98 -O0 -g3 -Wall -c -fmessage-length=0 -MMD -MP -MF"Date.d" -MT"Date.o" -o "Date.o" "../Date.cpp"
Finished building: ../Date.cpp
 
Building file: ../Employe.cpp
Invoking: GCC C++ Compiler
g++ -std=c++98 -O0 -g3 -Wall -c -fmessage-length=0 -MMD -MP -MF"Employe.d" -MT"Employe.o" -o "Employe.o" "../Employe.cpp"
Finished building: ../Employe.cpp
 
Building file: ../EmployeCommission.cpp
Invoking: GCC C++ Compiler
g++ -std=c++98 -O0 -g3 -Wall -c -fmessage-length=0 -MMD -MP -MF"EmployeCommission.d" -MT"EmployeCommission.o" -o "EmployeCommission.o" "../EmployeCommission.cpp"
Finished building: ../EmployeCommission.cpp
 
Building file: ../EmployeHoraire.cpp
Invoking: GCC C++ Compiler
g++ -std=c++98 -O0 -g3 -Wall -c -fmessage-length=0 -MMD -MP -MF"EmployeHoraire.d" -MT"EmployeHoraire.o" -o "EmployeHoraire.o" "../EmployeHoraire.cpp"
Finished building: ../EmployeHoraire.cpp
 
Building file: ../Patron.cpp
Invoking: GCC C++ Compiler
g++ -std=c++98 -O0 -g3 -Wall -c -fmessage-length=0 -MMD -MP -MF"Patron.d" -MT"Patron.o" -o "Patron.o" "../Patron.cpp"
Finished building: ../Patron.cpp
 
Building target: libEmployeLib.a
Invoking: GCC Archiver
ar -r  "libEmployeLib.a"  ./ContratException.o ./Date.o ./Employe.o ./EmployeCommission.o ./EmployeHoraire.o ./Patron.o   
ar: création de libEmployeLib.a
Finished building target: libEmployeLib.a
 
19:14:01 **** Incremental Build of configuration Debug for project EmployeLib ****
make all 
make: rien à faire pour « all ».
19:14:01 **** Build of project EntrepriseGUI ****
make debug 
make -f Makefile.Debug
make[1] : on entre dans le répertoire « /home/etudiant/Bureau/LaboratoireGIF1003/Laboratoire9/EntrepriseGUI »
g++ -c -pipe -g -Wall -W -D_REENTRANT -DQT_GUI_LIB -DQT_CORE_LIB -DQT_SHARED -I/usr/share/qt4/mkspecs/linux-g++ -I. -I/usr/include/qt4/QtCore -I/usr/include/qt4/QtGui -I/usr/include/qt4 -Idebug -I. -o debug/main.o main.cpp
In file included from main.cpp:1:0:
entreprisegui.h:6:21: fatal error: Employe.h: Aucun fichier ou dossier de ce type
Makefile.Debug:168 : la recette pour la cible « debug/main.o » a échouée
make[1] : on quitte le répertoire « /home/etudiant/Bureau/LaboratoireGIF1003/Laboratoire9/EntrepriseGUI »
compilation terminated.
make[1]: *** [debug/main.o] Erreur 1
make: *** [debug] Erreur 2
Makefile:50 : la recette pour la cible « debug » a échouée
19:14:19 **** Incremental Build of configuration Debug for project EmployeLib ****
make all 
make: rien à faire pour « all ».
19:14:19 **** Incremental Build of project EntrepriseGUI ****
make debug 
make -f Makefile.Debug
make[1] : on entre dans le répertoire « /home/etudiant/Bureau/LaboratoireGIF1003/Laboratoire9/EntrepriseGUI »
g++ -c -pipe -g -Wall -W -D_REENTRANT -DQT_GUI_LIB -DQT_CORE_LIB -DQT_SHARED -I/usr/share/qt4/mkspecs/linux-g++ -I. -I/usr/include/qt4/QtCore -I/usr/include/qt4/QtGui -I/usr/include/qt4 -Idebug -I. -o debug/main.o main.cpp
In file included from main.cpp:1:0:
entreprisegui.h:6:21: fatal error: Employe.h: Aucun fichier ou dossier de ce type
compilation terminated.
Makefile.Debug:168 : la recette pour la cible « debug/main.o » a échouée
make[1] : on quitte le répertoire « /home/etudiant/Bureau/LaboratoireGIF1003/Laboratoire9/EntrepriseGUI »
Makefile:50 : la recette pour la cible « debug » a échouée
make[1]: *** [debug/main.o] Erreur 1
make: *** [debug] Erreur 2
/usr/bin/qmake -recursive CONFIG+=debug_and_release EntrepriseGUI.pro 
19:14:49 **** Incremental Build of configuration Debug for project EmployeLib ****
make all 
make: rien à faire pour « all ».
19:14:49 **** Incremental Build of project EntrepriseGUI ****
make debug 
make -f Makefile.Debug
make[1] : on entre dans le répertoire « /home/etudiant/Bureau/LaboratoireGIF1003/Laboratoire9/EntrepriseGUI »
g++ -c -pipe -g -Wall -W -D_REENTRANT -DQT_GUI_LIB -DQT_CORE_LIB -DQT_SHARED -I/usr/share/qt4/mkspecs/linux-g++ -I. -I/usr/include/qt4/QtCore -I/usr/include/qt4/QtGui -I/usr/include/qt4 -Idebug -I. -o debug/main.o main.cpp
In file included from main.cpp:1:0:
entreprisegui.h:6:21: fatal error: Employe.h: Aucun fichier ou dossier de ce type
compilation terminated.
Makefile.Debug:168 : la recette pour la cible « debug/main.o » a échouée
make[1] : on quitte le répertoire « /home/etudiant/Bureau/LaboratoireGIF1003/Laboratoire9/EntrepriseGUI »
Makefile:50 : la recette pour la cible « debug » a échouée
make[1]: *** [debug/main.o] Erreur 1
make: *** [debug] Erreur 2
19:15:01 **** Clean-only build of configuration Debug for project EmployeLib ****
make clean 
rm -rf  ./ContratException.o ./Date.o ./Employe.o ./EmployeCommission.o ./EmployeHoraire.o ./Patron.o  ./ContratException.d ./Date.d ./Employe.d ./EmployeCommission.d ./EmployeHoraire.d ./Patron.d  libEmployeLib.a
 
19:15:01 **** Clean-only build of project EntrepriseGUI ****
make clean 
make -f Makefile.Release clean
make[1] : on entre dans le répertoire « /home/etudiant/Bureau/LaboratoireGIF1003/Laboratoire9/EntrepriseGUI »
rm -f release/moc_entreprisegui.cpp
rm -f ui_entreprisegui.h
rm -f release/main.o release/entreprisegui.o release/moc_entreprisegui.o
rm -f *~ core *.core
make[1] : on quitte le répertoire « /home/etudiant/Bureau/LaboratoireGIF1003/Laboratoire9/EntrepriseGUI »
make -f Makefile.Debug clean
make[1] : on entre dans le répertoire « /home/etudiant/Bureau/LaboratoireGIF1003/Laboratoire9/EntrepriseGUI »
rm -f debug/moc_entreprisegui.cpp
rm -f ui_entreprisegui.h
rm -f debug/main.o debug/entreprisegui.o debug/moc_entreprisegui.o
rm -f *~ core *.core
make[1] : on quitte le répertoire « /home/etudiant/Bureau/LaboratoireGIF1003/Laboratoire9/EntrepriseGUI »
/usr/bin/qmake -recursive CONFIG+=debug_and_release EntrepriseGUI.pro 
19:15:45 **** Build of configuration Debug for project EmployeLib ****
make all 
Building file: ../ContratException.cpp
Invoking: GCC C++ Compiler
g++ -std=c++98 -O0 -g3 -Wall -c -fmessage-length=0 -MMD -MP -MF"ContratException.d" -MT"ContratException.o" -o "ContratException.o" "../ContratException.cpp"
Finished building: ../ContratException.cpp
 
Building file: ../Date.cpp
Invoking: GCC C++ Compiler
g++ -std=c++98 -O0 -g3 -Wall -c -fmessage-length=0 -MMD -MP -MF"Date.d" -MT"Date.o" -o "Date.o" "../Date.cpp"
Finished building: ../Date.cpp
 
Building file: ../Employe.cpp
Invoking: GCC C++ Compiler
g++ -std=c++98 -O0 -g3 -Wall -c -fmessage-length=0 -MMD -MP -MF"Employe.d" -MT"Employe.o" -o "Employe.o" "../Employe.cpp"
Finished building: ../Employe.cpp
 
Building file: ../EmployeCommission.cpp
Invoking: GCC C++ Compiler
g++ -std=c++98 -O0 -g3 -Wall -c -fmessage-length=0 -MMD -MP -MF"EmployeCommission.d" -MT"EmployeCommission.o" -o "EmployeCommission.o" "../EmployeCommission.cpp"
Finished building: ../EmployeCommission.cpp
 
Building file: ../EmployeHoraire.cpp
Invoking: GCC C++ Compiler
g++ -std=c++98 -O0 -g3 -Wall -c -fmessage-length=0 -MMD -MP -MF"EmployeHoraire.d" -MT"EmployeHoraire.o" -o "EmployeHoraire.o" "../EmployeHoraire.cpp"
Finished building: ../EmployeHoraire.cpp
 
Building file: ../Patron.cpp
Invoking: GCC C++ Compiler
g++ -std=c++98 -O0 -g3 -Wall -c -fmessage-length=0 -MMD -MP -MF"Patron.d" -MT"Patron.o" -o "Patron.o" "../Patron.cpp"
Finished building: ../Patron.cpp
 
Building target: libEmployeLib.a
Invoking: GCC Archiver
ar -r  "libEmployeLib.a"  ./ContratException.o ./Date.o ./Employe.o ./EmployeCommission.o ./EmployeHoraire.o ./Patron.o   
ar: création de libEmployeLib.a
Finished building target: libEmployeLib.a
 
19:15:47 **** Build of project EntrepriseGUI ****
make debug 
make -f Makefile.Debug
make[1] : on entre dans le répertoire « /home/etudiant/Bureau/LaboratoireGIF1003/Laboratoire9/EntrepriseGUI »
/usr/lib/i386-linux-gnu/qt4/bin/uic entreprisegui.ui -o ui_entreprisegui.h
g++ -c -pipe -g -Wall -W -D_REENTRANT -DQT_GUI_LIB -DQT_CORE_LIB -DQT_SHARED -I/usr/share/qt4/mkspecs/linux-g++ -I. -I/usr/include/qt4/QtCore -I/usr/include/qt4/QtGui -I/usr/include/qt4 -Idebug -I. -o debug/main.o main.cpp
In file included from main.cpp:1:0:
entreprisegui.h:6:21: fatal error: Employe.h: Aucun fichier ou dossier de ce type
compilation terminated.
Makefile.Debug:168 : la recette pour la cible « debug/main.o » a échouée
make[1] : on quitte le répertoire « /home/etudiant/Bureau/LaboratoireGIF1003/Laboratoire9/EntrepriseGUI »
make[1]: *** [debug/main.o] Erreur 1
Makefile:50 : la recette pour la cible « debug » a échouée
make: *** [debug] Erreur 2
19:15:53 **** Clean-only build of configuration Debug for project EmployeLib ****
make clean 
rm -rf  ./ContratException.o ./Date.o ./Employe.o ./EmployeCommission.o ./EmployeHoraire.o ./Patron.o  ./ContratException.d ./Date.d ./Employe.d ./EmployeCommission.d ./EmployeHoraire.d ./Patron.d  libEmployeLib.a
 
19:15:53 **** Clean-only build of project EntrepriseGUI ****
make clean 
make -f Makefile.Release clean
make[1] : on entre dans le répertoire « /home/etudiant/Bureau/LaboratoireGIF1003/Laboratoire9/EntrepriseGUI »
rm -f release/moc_entreprisegui.cpp
rm -f ui_entreprisegui.h
rm -f release/main.o release/entreprisegui.o release/moc_entreprisegui.o
rm -f *~ core *.core
make[1] : on quitte le répertoire « /home/etudiant/Bureau/LaboratoireGIF1003/Laboratoire9/EntrepriseGUI »
make -f Makefile.Debug clean
make[1] : on entre dans le répertoire « /home/etudiant/Bureau/LaboratoireGIF1003/Laboratoire9/EntrepriseGUI »
rm -f debug/moc_entreprisegui.cpp
rm -f ui_entreprisegui.h
rm -f debug/main.o debug/entreprisegui.o debug/moc_entreprisegui.o
rm -f *~ core *.core
make[1] : on quitte le répertoire « /home/etudiant/Bureau/LaboratoireGIF1003/Laboratoire9/EntrepriseGUI »
19:18:08 **** Build of configuration Debug for project EmployeLib ****
make all 
Building file: ../ContratException.cpp
Invoking: GCC C++ Compiler
g++ -std=c++98 -O0 -g3 -Wall -c -fmessage-length=0 -MMD -MP -MF"ContratException.d" -MT"ContratException.o" -o "ContratException.o" "../ContratException.cpp"
Finished building: ../ContratException.cpp
 
Building file: ../Date.cpp
Invoking: GCC C++ Compiler
g++ -std=c++98 -O0 -g3 -Wall -c -fmessage-length=0 -MMD -MP -MF"Date.d" -MT"Date.o" -o "Date.o" "../Date.cpp"
Finished building: ../Date.cpp
 
Building file: ../Employe.cpp
Invoking: GCC C++ Compiler
g++ -std=c++98 -O0 -g3 -Wall -c -fmessage-length=0 -MMD -MP -MF"Employe.d" -MT"Employe.o" -o "Employe.o" "../Employe.cpp"
Finished building: ../Employe.cpp
 
Building file: ../EmployeCommission.cpp
Invoking: GCC C++ Compiler
g++ -std=c++98 -O0 -g3 -Wall -c -fmessage-length=0 -MMD -MP -MF"EmployeCommission.d" -MT"EmployeCommission.o" -o "EmployeCommission.o" "../EmployeCommission.cpp"
Finished building: ../EmployeCommission.cpp
 
Building file: ../EmployeHoraire.cpp
Invoking: GCC C++ Compiler
g++ -std=c++98 -O0 -g3 -Wall -c -fmessage-length=0 -MMD -MP -MF"EmployeHoraire.d" -MT"EmployeHoraire.o" -o "EmployeHoraire.o" "../EmployeHoraire.cpp"
Finished building: ../EmployeHoraire.cpp
 
Building file: ../Patron.cpp
Invoking: GCC C++ Compiler
g++ -std=c++98 -O0 -g3 -Wall -c -fmessage-length=0 -MMD -MP -MF"Patron.d" -MT"Patron.o" -o "Patron.o" "../Patron.cpp"
Finished building: ../Patron.cpp
 
Building target: libEmployeLib.a
Invoking: GCC Archiver
ar -r  "libEmployeLib.a"  ./ContratException.o ./Date.o ./Employe.o ./EmployeCommission.o ./EmployeHoraire.o ./Patron.o   
ar: création de libEmployeLib.a
Finished building target: libEmployeLib.a
 
19:18:09 **** Build of project EntrepriseGUI ****
make debug 
/usr/lib/i386-linux-gnu/qt4/bin/qmake CONFIG+=debug_and_release -o Makefile EntrepriseGUI.pro
make -f Makefile.Debug
make[1] : on entre dans le répertoire « /home/etudiant/Bureau/LaboratoireGIF1003/Laboratoire9/EntrepriseGUI »
/usr/lib/i386-linux-gnu/qt4/bin/uic entreprisegui.ui -o ui_entreprisegui.h
g++ -c -pipe -g -Wall -W -D_REENTRANT -DQT_GUI_LIB -DQT_CORE_LIB -DQT_SHARED -I/usr/share/qt4/mkspecs/linux-g++ -I. -I/usr/include/qt4/QtCore -I/usr/include/qt4/QtGui -I/usr/include/qt4 -I../EmployeLib -Idebug -I. -o debug/main.o main.cpp
g++ -c -pipe -g -Wall -W -D_REENTRANT -DQT_GUI_LIB -DQT_CORE_LIB -DQT_SHARED -I/usr/share/qt4/mkspecs/linux-g++ -I. -I/usr/include/qt4/QtCore -I/usr/include/qt4/QtGui -I/usr/include/qt4 -I../EmployeLib -Idebug -I. -o debug/entreprisegui.o entreprisegui.cpp
/usr/lib/i386-linux-gnu/qt4/bin/moc -DQT_GUI_LIB -DQT_CORE_LIB -DQT_SHARED -I/usr/share/qt4/mkspecs/linux-g++ -I. -I/usr/include/qt4/QtCore -I/usr/include/qt4/QtGui -I/usr/include/qt4 -I../EmployeLib -Idebug -I. entreprisegui.h -o debug/moc_entreprisegui.cpp
g++ -c -pipe -g -Wall -W -D_REENTRANT -DQT_GUI_LIB -DQT_CORE_LIB -DQT_SHARED -I/usr/share/qt4/mkspecs/linux-g++ -I. -I/usr/include/qt4/QtCore -I/usr/include/qt4/QtGui -I/usr/include/qt4 -I../EmployeLib -Idebug -I. -o debug/moc_entreprisegui.o debug/moc_entreprisegui.cpp
g++  -o EntrepriseGUI debug/main.o debug/entreprisegui.o debug/moc_entreprisegui.o    -L/usr/lib/i386-linux-gnu ../EmployeLib/Debug/libEmployeLib.a -lQtGui -lQtCore -lpthread 
{ test -n "" && DESTDIR="" || DESTDIR=.; } && test $(gdb --version | sed -e 's,[^0-9][^0-9]*\([0-9]\)\.\([0-9]\).*,\1\2,;q') -gt 72 && gdb --nx --batch --quiet -ex 'set confirm off' -ex "save gdb-index $DESTDIR" -ex quit 'EntrepriseGUI' && test -f EntrepriseGUI.gdb-index && objcopy --add-section '.gdb_index=EntrepriseGUI.gdb-index' --set-section-flags '.gdb_index=readonly' 'EntrepriseGUI' 'EntrepriseGUI' && rm -f EntrepriseGUI.gdb-index || true
make[1] : on quitte le répertoire « /home/etudiant/Bureau/LaboratoireGIF1003/Laboratoire9/EntrepriseGUI »
19:18:59 **** Incremental Build of configuration Debug for project EmployeLib ****
make all 
make: rien à faire pour « all ».
19:18:59 **** Incremental Build of project EntrepriseGUI ****
make debug 
make -f Makefile.Debug
make[1] : on entre dans le répertoire « /home/etudiant/Bureau/LaboratoireGIF1003/Laboratoire9/EntrepriseGUI »
make[1]: rien à faire pour « first ».
make[1] : on quitte le répertoire « /home/etudiant/Bureau/LaboratoireGIF1003/Laboratoire9/EntrepriseGUI »
19:19:05 **** Incremental Build of configuration Debug for project EmployeLib ****
make all 
make: rien à faire pour « all ».
19:19:05 **** Incremental Build of project EntrepriseGUI ****
make debug 
make -f Makefile.Debug
make[1] : on entre dans le répertoire « /home/etudiant/Bureau/LaboratoireGIF1003/Laboratoire9/EntrepriseGUI »
make[1]: rien à faire pour « first ».
make[1] : on quitte le répertoire « /home/etudiant/Bureau/LaboratoireGIF1003/Laboratoire9/EntrepriseGUI »
/usr/bin/qmake -recursive CONFIG+=debug_and_release EntrepriseGUI.pro 
19:26:57 **** Incremental Build of configuration Debug for project EmployeLib ****
make all 
make: rien à faire pour « all ».
19:26:57 **** Incremental Build of project EntrepriseGUI ****
make debug 
make -f Makefile.Debug
make[1] : on entre dans le répertoire « /home/etudiant/Bureau/LaboratoireGIF1003/Laboratoire9/EntrepriseGUI »
/usr/lib/i386-linux-gnu/qt4/bin/uic entreprisegui.ui -o ui_entreprisegui.h
g++ -c -pipe -g -Wall -W -D_REENTRANT -DQT_GUI_LIB -DQT_CORE_LIB -DQT_SHARED -I/usr/share/qt4/mkspecs/linux-g++ -I. -I/usr/include/qt4/QtCore -I/usr/include/qt4/QtGui -I/usr/include/qt4 -I../EmployeLib -Idebug -I. -o debug/main.o main.cpp
g++ -c -pipe -g -Wall -W -D_REENTRANT -DQT_GUI_LIB -DQT_CORE_LIB -DQT_SHARED -I/usr/share/qt4/mkspecs/linux-g++ -I. -I/usr/include/qt4/QtCore -I/usr/include/qt4/QtGui -I/usr/include/qt4 -I../EmployeLib -Idebug -I. -o debug/entreprisegui.o entreprisegui.cpp
/usr/lib/i386-linux-gnu/qt4/bin/moc -DQT_GUI_LIB -DQT_CORE_LIB -DQT_SHARED -I/usr/share/qt4/mkspecs/linux-g++ -I. -I/usr/include/qt4/QtCore -I/usr/include/qt4/QtGui -I/usr/include/qt4 -I../EmployeLib -Idebug -I. entreprisegui.h -o debug/moc_entreprisegui.cpp
g++ -c -pipe -g -Wall -W -D_REENTRANT -DQT_GUI_LIB -DQT_CORE_LIB -DQT_SHARED -I/usr/share/qt4/mkspecs/linux-g++ -I. -I/usr/include/qt4/QtCore -I/usr/include/qt4/QtGui -I/usr/include/qt4 -I../EmployeLib -Idebug -I. -o debug/moc_entreprisegui.o debug/moc_entreprisegui.cpp
g++  -o EntrepriseGUI debug/main.o debug/entreprisegui.o debug/moc_entreprisegui.o    -L/usr/lib/i386-linux-gnu ../EmployeLib/Debug/libEmployeLib.a -lQtGui -lQtCore -lpthread 
{ test -n "" && DESTDIR="" || DESTDIR=.; } && test $(gdb --version | sed -e 's,[^0-9][^0-9]*\([0-9]\)\.\([0-9]\).*,\1\2,;q') -gt 72 && gdb --nx --batch --quiet -ex 'set confirm off' -ex "save gdb-index $DESTDIR" -ex quit 'EntrepriseGUI' && test -f EntrepriseGUI.gdb-index && objcopy --add-section '.gdb_index=EntrepriseGUI.gdb-index' --set-section-flags '.gdb_index=readonly' 'EntrepriseGUI' 'EntrepriseGUI' && rm -f EntrepriseGUI.gdb-index || true
make[1] : on quitte le répertoire « /home/etudiant/Bureau/LaboratoireGIF1003/Laboratoire9/EntrepriseGUI »
19:27:02 **** Incremental Build of configuration Debug for project EmployeLib ****
make all 
make: rien à faire pour « all ».
19:27:02 **** Incremental Build of project EntrepriseGUI ****
make debug 
make -f Makefile.Debug
make[1] : on entre dans le répertoire « /home/etudiant/Bureau/LaboratoireGIF1003/Laboratoire9/EntrepriseGUI »
make[1]: rien à faire pour « first ».
make[1] : on quitte le répertoire « /home/etudiant/Bureau/LaboratoireGIF1003/Laboratoire9/EntrepriseGUI »
19:34:23 **** Incremental Build of configuration Debug for project EmployeLib ****
make all 
make: rien à faire pour « all ».
19:34:23 **** Incremental Build of project EntrepriseGUI ****
make debug 
make -f Makefile.Debug
make[1] : on entre dans le répertoire « /home/etudiant/Bureau/LaboratoireGIF1003/Laboratoire9/EntrepriseGUI »
/usr/lib/i386-linux-gnu/qt4/bin/uic entreprisegui.ui -o ui_entreprisegui.h
g++ -c -pipe -g -Wall -W -D_REENTRANT -DQT_GUI_LIB -DQT_CORE_LIB -DQT_SHARED -I/usr/share/qt4/mkspecs/linux-g++ -I. -I/usr/include/qt4/QtCore -I/usr/include/qt4/QtGui -I/usr/include/qt4 -I../EmployeLib -Idebug -I. -o debug/main.o main.cpp
g++ -c -pipe -g -Wall -W -D_REENTRANT -DQT_GUI_LIB -DQT_CORE_LIB -DQT_SHARED -I/usr/share/qt4/mkspecs/linux-g++ -I. -I/usr/include/qt4/QtCore -I/usr/include/qt4/QtGui -I/usr/include/qt4 -I../EmployeLib -Idebug -I. -o debug/entreprisegui.o entreprisegui.cpp
/usr/lib/i386-linux-gnu/qt4/bin/moc -DQT_GUI_LIB -DQT_CORE_LIB -DQT_SHARED -I/usr/share/qt4/mkspecs/linux-g++ -I. -I/usr/include/qt4/QtCore -I/usr/include/qt4/QtGui -I/usr/include/qt4 -I../EmployeLib -Idebug -I. entreprisegui.h -o debug/moc_entreprisegui.cpp
g++ -c -pipe -g -Wall -W -D_REENTRANT -DQT_GUI_LIB -DQT_CORE_LIB -DQT_SHARED -I/usr/share/qt4/mkspecs/linux-g++ -I. -I/usr/include/qt4/QtCore -I/usr/include/qt4/QtGui -I/usr/include/qt4 -I../EmployeLib -Idebug -I. -o debug/moc_entreprisegui.o debug/moc_entreprisegui.cpp
g++  -o EntrepriseGUI debug/main.o debug/entreprisegui.o debug/moc_entreprisegui.o    -L/usr/lib/i386-linux-gnu ../EmployeLib/Debug/libEmployeLib.a -lQtGui -lQtCore -lpthread 
{ test -n "" && DESTDIR="" || DESTDIR=.; } && test $(gdb --version | sed -e 's,[^0-9][^0-9]*\([0-9]\)\.\([0-9]\).*,\1\2,;q') -gt 72 && gdb --nx --batch --quiet -ex 'set confirm off' -ex "save gdb-index $DESTDIR" -ex quit 'EntrepriseGUI' && test -f EntrepriseGUI.gdb-index && objcopy --add-section '.gdb_index=EntrepriseGUI.gdb-index' --set-section-flags '.gdb_index=readonly' 'EntrepriseGUI' 'EntrepriseGUI' && rm -f EntrepriseGUI.gdb-index || true
make[1] : on quitte le répertoire « /home/etudiant/Bureau/LaboratoireGIF1003/Laboratoire9/EntrepriseGUI »
19:34:33 **** Incremental Build of configuration Debug for project EmployeLib ****
make all 
make: rien à faire pour « all ».
19:34:33 **** Incremental Build of project EntrepriseGUI ****
make debug 
make -f Makefile.Debug
make[1] : on entre dans le répertoire « /home/etudiant/Bureau/LaboratoireGIF1003/Laboratoire9/EntrepriseGUI »
make[1]: rien à faire pour « first ».
make[1] : on quitte le répertoire « /home/etudiant/Bureau/LaboratoireGIF1003/Laboratoire9/EntrepriseGUI »
19:34:35 **** Incremental Build of configuration Debug for project EmployeLib ****
make all 
make: rien à faire pour « all ».
19:34:35 **** Incremental Build of project EntrepriseGUI ****
make debug 
make -f Makefile.Debug
make[1] : on entre dans le répertoire « /home/etudiant/Bureau/LaboratoireGIF1003/Laboratoire9/EntrepriseGUI »
make[1]: rien à faire pour « first ».
make[1] : on quitte le répertoire « /home/etudiant/Bureau/LaboratoireGIF1003/Laboratoire9/EntrepriseGUI »
19:36:17 **** Incremental Build of configuration Debug for project EmployeLib ****
make all 
make: rien à faire pour « all ».
19:36:18 **** Incremental Build of project EntrepriseGUI ****
make debug 
make -f Makefile.Debug
make[1] : on entre dans le répertoire « /home/etudiant/Bureau/LaboratoireGIF1003/Laboratoire9/EntrepriseGUI »
g++ -c -pipe -g -Wall -W -D_REENTRANT -DQT_GUI_LIB -DQT_CORE_LIB -DQT_SHARED -I/usr/share/qt4/mkspecs/linux-g++ -I. -I/usr/include/qt4/QtCore -I/usr/include/qt4/QtGui -I/usr/include/qt4 -I../EmployeLib -Idebug -I. -o debug/main.o main.cpp
In file included from main.cpp:1:0:
entreprisegui.h:20:14: error: ‘Employe’ was not declared in this scope
  std::vector<Employe*> employes;
              ^
entreprisegui.h:20:14: note: suggested alternative:
In file included from entreprisegui.h:6:0,
                 from main.cpp:1:
../EmployeLib/Employe.h:19:7: note:   ‘labo10::Employe’
 class Employe {
       ^
In file included from main.cpp:1:0:
entreprisegui.h:20:22: error: template argument 1 is invalid
  std::vector<Employe*> employes;
                      ^
entreprisegui.h:20:22: error: template argument 2 is invalid
make[1]: *** [debug/main.o] Erreur 1
Makefile.Debug:168 : la recette pour la cible « debug/main.o » a échouée
make: *** [debug] Erreur 2
make[1] : on quitte le répertoire « /home/etudiant/Bureau/LaboratoireGIF1003/Laboratoire9/EntrepriseGUI »
Makefile:50 : la recette pour la cible « debug » a échouée
19:36:38 **** Incremental Build of configuration Debug for project EmployeLib ****
make all 
make: rien à faire pour « all ».
19:36:38 **** Incremental Build of project EntrepriseGUI ****
make debug 
make -f Makefile.Debug
make[1] : on entre dans le répertoire « /home/etudiant/Bureau/LaboratoireGIF1003/Laboratoire9/EntrepriseGUI »
g++ -c -pipe -g -Wall -W -D_REENTRANT -DQT_GUI_LIB -DQT_CORE_LIB -DQT_SHARED -I/usr/share/qt4/mkspecs/linux-g++ -I. -I/usr/include/qt4/QtCore -I/usr/include/qt4/QtGui -I/usr/include/qt4 -I../EmployeLib -Idebug -I. -o debug/main.o main.cpp
g++ -c -pipe -g -Wall -W -D_REENTRANT -DQT_GUI_LIB -DQT_CORE_LIB -DQT_SHARED -I/usr/share/qt4/mkspecs/linux-g++ -I. -I/usr/include/qt4/QtCore -I/usr/include/qt4/QtGui -I/usr/include/qt4 -I../EmployeLib -Idebug -I. -o debug/entreprisegui.o entreprisegui.cpp
/usr/lib/i386-linux-gnu/qt4/bin/moc -DQT_GUI_LIB -DQT_CORE_LIB -DQT_SHARED -I/usr/share/qt4/mkspecs/linux-g++ -I. -I/usr/include/qt4/QtCore -I/usr/include/qt4/QtGui -I/usr/include/qt4 -I../EmployeLib -Idebug -I. entreprisegui.h -o debug/moc_entreprisegui.cpp
g++ -c -pipe -g -Wall -W -D_REENTRANT -DQT_GUI_LIB -DQT_CORE_LIB -DQT_SHARED -I/usr/share/qt4/mkspecs/linux-g++ -I. -I/usr/include/qt4/QtCore -I/usr/include/qt4/QtGui -I/usr/include/qt4 -I../EmployeLib -Idebug -I. -o debug/moc_entreprisegui.o debug/moc_entreprisegui.cpp
g++  -o EntrepriseGUI debug/main.o debug/entreprisegui.o debug/moc_entreprisegui.o    -L/usr/lib/i386-linux-gnu ../EmployeLib/Debug/libEmployeLib.a -lQtGui -lQtCore -lpthread 
{ test -n "" && DESTDIR="" || DESTDIR=.; } && test $(gdb --version | sed -e 's,[^0-9][^0-9]*\([0-9]\)\.\([0-9]\).*,\1\2,;q') -gt 72 && gdb --nx --batch --quiet -ex 'set confirm off' -ex "save gdb-index $DESTDIR" -ex quit 'EntrepriseGUI' && test -f EntrepriseGUI.gdb-index && objcopy --add-section '.gdb_index=EntrepriseGUI.gdb-index' --set-section-flags '.gdb_index=readonly' 'EntrepriseGUI' 'EntrepriseGUI' && rm -f EntrepriseGUI.gdb-index || true
make[1] : on quitte le répertoire « /home/etudiant/Bureau/LaboratoireGIF1003/Laboratoire9/EntrepriseGUI »
19:45:06 **** Incremental Build of configuration Debug for project EmployeLib ****
make all 
Building file: ../Entreprise.cpp
Invoking: GCC C++ Compiler
g++ -std=c++98 -O0 -g3 -Wall -c -fmessage-length=0 -MMD -MP -MF"Entreprise.d" -MT"Entreprise.o" -o "Entreprise.o" "../Entreprise.cpp"
Finished building: ../Entreprise.cpp
 
Building target: libEmployeLib.a
Invoking: GCC Archiver
ar -r  "libEmployeLib.a"  ./ContratException.o ./Date.o ./Employe.o ./EmployeCommission.o ./EmployeHoraire.o ./Entreprise.o ./Patron.o   
ar: création de libEmployeLib.a
Finished building target: libEmployeLib.a
 
19:45:06 **** Incremental Build of project EntrepriseGUI ****
make debug 
make -f Makefile.Debug
make[1] : on entre dans le répertoire « /home/etudiant/Bureau/LaboratoireGIF1003/Laboratoire9/EntrepriseGUI »
g++ -c -pipe -g -Wall -W -D_REENTRANT -DQT_GUI_LIB -DQT_CORE_LIB -DQT_SHARED -I/usr/share/qt4/mkspecs/linux-g++ -I. -I/usr/include/qt4/QtCore -I/usr/include/qt4/QtGui -I/usr/include/qt4 -I../EmployeLib -Idebug -I. -o debug/main.o main.cpp
g++ -c -pipe -g -Wall -W -D_REENTRANT -DQT_GUI_LIB -DQT_CORE_LIB -DQT_SHARED -I/usr/share/qt4/mkspecs/linux-g++ -I. -I/usr/include/qt4/QtCore -I/usr/include/qt4/QtGui -I/usr/include/qt4 -I../EmployeLib -Idebug -I. -o debug/entreprisegui.o entreprisegui.cpp
/usr/lib/i386-linux-gnu/qt4/bin/moc -DQT_GUI_LIB -DQT_CORE_LIB -DQT_SHARED -I/usr/share/qt4/mkspecs/linux-g++ -I. -I/usr/include/qt4/QtCore -I/usr/include/qt4/QtGui -I/usr/include/qt4 -I../EmployeLib -Idebug -I. entreprisegui.h -o debug/moc_entreprisegui.cpp
g++ -c -pipe -g -Wall -W -D_REENTRANT -DQT_GUI_LIB -DQT_CORE_LIB -DQT_SHARED -I/usr/share/qt4/mkspecs/linux-g++ -I. -I/usr/include/qt4/QtCore -I/usr/include/qt4/QtGui -I/usr/include/qt4 -I../EmployeLib -Idebug -I. -o debug/moc_entreprisegui.o debug/moc_entreprisegui.cpp
g++  -o EntrepriseGUI debug/main.o debug/entreprisegui.o debug/moc_entreprisegui.o    -L/usr/lib/i386-linux-gnu ../EmployeLib/Debug/libEmployeLib.a -lQtGui -lQtCore -lpthread 
{ test -n "" && DESTDIR="" || DESTDIR=.; } && test $(gdb --version | sed -e 's,[^0-9][^0-9]*\([0-9]\)\.\([0-9]\).*,\1\2,;q') -gt 72 && gdb --nx --batch --quiet -ex 'set confirm off' -ex "save gdb-index $DESTDIR" -ex quit 'EntrepriseGUI' && test -f EntrepriseGUI.gdb-index && objcopy --add-section '.gdb_index=EntrepriseGUI.gdb-index' --set-section-flags '.gdb_index=readonly' 'EntrepriseGUI' 'EntrepriseGUI' && rm -f EntrepriseGUI.gdb-index || true
make[1] : on quitte le répertoire « /home/etudiant/Bureau/LaboratoireGIF1003/Laboratoire9/EntrepriseGUI »
19:45:14 **** Incremental Build of configuration Debug for project EmployeLib ****
make all 
make: rien à faire pour « all ».
19:45:14 **** Incremental Build of project EntrepriseGUI ****
make debug 
make -f Makefile.Debug
make[1] : on entre dans le répertoire « /home/etudiant/Bureau/LaboratoireGIF1003/Laboratoire9/EntrepriseGUI »
make[1]: rien à faire pour « first ».
make[1] : on quitte le répertoire « /home/etudiant/Bureau/LaboratoireGIF1003/Laboratoire9/EntrepriseGUI »
19:46:51 **** Incremental Build of configuration Debug for project EmployeLib ****
make all 
make: rien à faire pour « all ».
19:46:51 **** Incremental Build of project EntrepriseGUI ****
make debug 
make -f Makefile.Debug
make[1] : on entre dans le répertoire « /home/etudiant/Bureau/LaboratoireGIF1003/Laboratoire9/EntrepriseGUI »
/usr/lib/i386-linux-gnu/qt4/bin/uic entreprisegui.ui -o ui_entreprisegui.h
g++ -c -pipe -g -Wall -W -D_REENTRANT -DQT_GUI_LIB -DQT_CORE_LIB -DQT_SHARED -I/usr/share/qt4/mkspecs/linux-g++ -I. -I/usr/include/qt4/QtCore -I/usr/include/qt4/QtGui -I/usr/include/qt4 -I../EmployeLib -Idebug -I. -o debug/main.o main.cpp
g++ -c -pipe -g -Wall -W -D_REENTRANT -DQT_GUI_LIB -DQT_CORE_LIB -DQT_SHARED -I/usr/share/qt4/mkspecs/linux-g++ -I. -I/usr/include/qt4/QtCore -I/usr/include/qt4/QtGui -I/usr/include/qt4 -I../EmployeLib -Idebug -I. -o debug/entreprisegui.o entreprisegui.cpp
/usr/lib/i386-linux-gnu/qt4/bin/moc -DQT_GUI_LIB -DQT_CORE_LIB -DQT_SHARED -I/usr/share/qt4/mkspecs/linux-g++ -I. -I/usr/include/qt4/QtCore -I/usr/include/qt4/QtGui -I/usr/include/qt4 -I../EmployeLib -Idebug -I. entreprisegui.h -o debug/moc_entreprisegui.cpp
g++ -c -pipe -g -Wall -W -D_REENTRANT -DQT_GUI_LIB -DQT_CORE_LIB -DQT_SHARED -I/usr/share/qt4/mkspecs/linux-g++ -I. -I/usr/include/qt4/QtCore -I/usr/include/qt4/QtGui -I/usr/include/qt4 -I../EmployeLib -Idebug -I. -o debug/moc_entreprisegui.o debug/moc_entreprisegui.cpp
g++  -o EntrepriseGUI debug/main.o debug/entreprisegui.o debug/moc_entreprisegui.o    -L/usr/lib/i386-linux-gnu ../EmployeLib/Debug/libEmployeLib.a -lQtGui -lQtCore -lpthread 
{ test -n "" && DESTDIR="" || DESTDIR=.; } && test $(gdb --version | sed -e 's,[^0-9][^0-9]*\([0-9]\)\.\([0-9]\).*,\1\2,;q') -gt 72 && gdb --nx --batch --quiet -ex 'set confirm off' -ex "save gdb-index $DESTDIR" -ex quit 'EntrepriseGUI' && test -f EntrepriseGUI.gdb-index && objcopy --add-section '.gdb_index=EntrepriseGUI.gdb-index' --set-section-flags '.gdb_index=readonly' 'EntrepriseGUI' 'EntrepriseGUI' && rm -f EntrepriseGUI.gdb-index || true
make[1] : on quitte le répertoire « /home/etudiant/Bureau/LaboratoireGIF1003/Laboratoire9/EntrepriseGUI »
19:46:57 **** Incremental Build of configuration Debug for project EmployeLib ****
make all 
make: rien à faire pour « all ».
19:46:57 **** Incremental Build of project EntrepriseGUI ****
make debug 
make -f Makefile.Debug
make[1] : on entre dans le répertoire « /home/etudiant/Bureau/LaboratoireGIF1003/Laboratoire9/EntrepriseGUI »
make[1]: rien à faire pour « first ».
make[1] : on quitte le répertoire « /home/etudiant/Bureau/LaboratoireGIF1003/Laboratoire9/EntrepriseGUI »
19:53:49 **** Incremental Build of configuration Debug for project EmployeLib ****
make all 
make: rien à faire pour « all ».
19:53:49 **** Incremental Build of project EntrepriseGUI ****
make debug 
make -f Makefile.Debug
make[1] : on entre dans le répertoire « /home/etudiant/Bureau/LaboratoireGIF1003/Laboratoire9/EntrepriseGUI »
/usr/lib/i386-linux-gnu/qt4/bin/uic entreprisegui.ui -o ui_entreprisegui.h
g++ -c -pipe -g -Wall -W -D_REENTRANT -DQT_GUI_LIB -DQT_CORE_LIB -DQT_SHARED -I/usr/share/qt4/mkspecs/linux-g++ -I. -I/usr/include/qt4/QtCore -I/usr/include/qt4/QtGui -I/usr/include/qt4 -I../EmployeLib -Idebug -I. -o debug/main.o main.cpp
g++ -c -pipe -g -Wall -W -D_REENTRANT -DQT_GUI_LIB -DQT_CORE_LIB -DQT_SHARED -I/usr/share/qt4/mkspecs/linux-g++ -I. -I/usr/include/qt4/QtCore -I/usr/include/qt4/QtGui -I/usr/include/qt4 -I../EmployeLib -Idebug -I. -o debug/entreprisegui.o entreprisegui.cpp
/usr/lib/i386-linux-gnu/qt4/bin/moc -DQT_GUI_LIB -DQT_CORE_LIB -DQT_SHARED -I/usr/share/qt4/mkspecs/linux-g++ -I. -I/usr/include/qt4/QtCore -I/usr/include/qt4/QtGui -I/usr/include/qt4 -I../EmployeLib -Idebug -I. entreprisegui.h -o debug/moc_entreprisegui.cpp
g++ -c -pipe -g -Wall -W -D_REENTRANT -DQT_GUI_LIB -DQT_CORE_LIB -DQT_SHARED -I/usr/share/qt4/mkspecs/linux-g++ -I. -I/usr/include/qt4/QtCore -I/usr/include/qt4/QtGui -I/usr/include/qt4 -I../EmployeLib -Idebug -I. -o debug/moc_entreprisegui.o debug/moc_entreprisegui.cpp
g++  -o EntrepriseGUI debug/main.o debug/entreprisegui.o debug/moc_entreprisegui.o    -L/usr/lib/i386-linux-gnu ../EmployeLib/Debug/libEmployeLib.a -lQtGui -lQtCore -lpthread 
{ test -n "" && DESTDIR="" || DESTDIR=.; } && test $(gdb --version | sed -e 's,[^0-9][^0-9]*\([0-9]\)\.\([0-9]\).*,\1\2,;q') -gt 72 && gdb --nx --batch --quiet -ex 'set confirm off' -ex "save gdb-index $DESTDIR" -ex quit 'EntrepriseGUI' && test -f EntrepriseGUI.gdb-index && objcopy --add-section '.gdb_index=EntrepriseGUI.gdb-index' --set-section-flags '.gdb_index=readonly' 'EntrepriseGUI' 'EntrepriseGUI' && rm -f EntrepriseGUI.gdb-index || true
make[1] : on quitte le répertoire « /home/etudiant/Bureau/LaboratoireGIF1003/Laboratoire9/EntrepriseGUI »
19:53:57 **** Incremental Build of configuration Debug for project EmployeLib ****
make all 
make: rien à faire pour « all ».
19:53:58 **** Incremental Build of project EntrepriseGUI ****
make debug 
make -f Makefile.Debug
make[1] : on entre dans le répertoire « /home/etudiant/Bureau/LaboratoireGIF1003/Laboratoire9/EntrepriseGUI »
make[1]: rien à faire pour « first ».
make[1] : on quitte le répertoire « /home/etudiant/Bureau/LaboratoireGIF1003/Laboratoire9/EntrepriseGUI »
19:54:23 **** Incremental Build of configuration Debug for project EmployeLib ****
make all 
make: rien à faire pour « all ».
19:54:23 **** Incremental Build of project EntrepriseGUI ****
make debug 
make -f Makefile.Debug
make[1] : on entre dans le répertoire « /home/etudiant/Bureau/LaboratoireGIF1003/Laboratoire9/EntrepriseGUI »
/usr/lib/i386-linux-gnu/qt4/bin/uic entreprisegui.ui -o ui_entreprisegui.h
g++ -c -pipe -g -Wall -W -D_REENTRANT -DQT_GUI_LIB -DQT_CORE_LIB -DQT_SHARED -I/usr/share/qt4/mkspecs/linux-g++ -I. -I/usr/include/qt4/QtCore -I/usr/include/qt4/QtGui -I/usr/include/qt4 -I../EmployeLib -Idebug -I. -o debug/main.o main.cpp
g++ -c -pipe -g -Wall -W -D_REENTRANT -DQT_GUI_LIB -DQT_CORE_LIB -DQT_SHARED -I/usr/share/qt4/mkspecs/linux-g++ -I. -I/usr/include/qt4/QtCore -I/usr/include/qt4/QtGui -I/usr/include/qt4 -I../EmployeLib -Idebug -I. -o debug/entreprisegui.o entreprisegui.cpp
/usr/lib/i386-linux-gnu/qt4/bin/moc -DQT_GUI_LIB -DQT_CORE_LIB -DQT_SHARED -I/usr/share/qt4/mkspecs/linux-g++ -I. -I/usr/include/qt4/QtCore -I/usr/include/qt4/QtGui -I/usr/include/qt4 -I../EmployeLib -Idebug -I. entreprisegui.h -o debug/moc_entreprisegui.cpp
g++ -c -pipe -g -Wall -W -D_REENTRANT -DQT_GUI_LIB -DQT_CORE_LIB -DQT_SHARED -I/usr/share/qt4/mkspecs/linux-g++ -I. -I/usr/include/qt4/QtCore -I/usr/include/qt4/QtGui -I/usr/include/qt4 -I../EmployeLib -Idebug -I. -o debug/moc_entreprisegui.o debug/moc_entreprisegui.cpp
g++  -o EntrepriseGUI debug/main.o debug/entreprisegui.o debug/moc_entreprisegui.o    -L/usr/lib/i386-linux-gnu ../EmployeLib/Debug/libEmployeLib.a -lQtGui -lQtCore -lpthread 
{ test -n "" && DESTDIR="" || DESTDIR=.; } && test $(gdb --version | sed -e 's,[^0-9][^0-9]*\([0-9]\)\.\([0-9]\).*,\1\2,;q') -gt 72 && gdb --nx --batch --quiet -ex 'set confirm off' -ex "save gdb-index $DESTDIR" -ex quit 'EntrepriseGUI' && test -f EntrepriseGUI.gdb-index && objcopy --add-section '.gdb_index=EntrepriseGUI.gdb-index' --set-section-flags '.gdb_index=readonly' 'EntrepriseGUI' 'EntrepriseGUI' && rm -f EntrepriseGUI.gdb-index || true
make[1] : on quitte le répertoire « /home/etudiant/Bureau/LaboratoireGIF1003/Laboratoire9/EntrepriseGUI »
19:54:28 **** Incremental Build of configuration Debug for project EmployeLib ****
make all 
make: rien à faire pour « all ».
19:54:28 **** Incremental Build of project EntrepriseGUI ****
make debug 
make -f Makefile.Debug
make[1] : on entre dans le répertoire « /home/etudiant/Bureau/LaboratoireGIF1003/Laboratoire9/EntrepriseGUI »
make[1]: rien à faire pour « first ».
make[1] : on quitte le répertoire « /home/etudiant/Bureau/LaboratoireGIF1003/Laboratoire9/EntrepriseGUI »
/usr/bin/qmake -recursive CONFIG+=debug_and_release EmployeGUI.pro 
12:52:56 **** Clean-only build of project EmployeGUI ****
make clean 
make -f Makefile.Release clean
make[1] : on entre dans le répertoire « /home/etudiant/Bureau/LaboratoireGIF1003/Laboratoire9/EmployeGUI »
rm -f release/moc_employegui.cpp
rm -f ui_employegui.h
rm -f release/main.o release/employegui.o release/moc_employegui.o
rm -f *~ core *.core
make[1] : on quitte le répertoire « /home/etudiant/Bureau/LaboratoireGIF1003/Laboratoire9/EmployeGUI »
make -f Makefile.Debug clean
make[1] : on entre dans le répertoire « /home/etudiant/Bureau/LaboratoireGIF1003/Laboratoire9/EmployeGUI »
rm -f debug/moc_employegui.cpp
rm -f ui_employegui.h
rm -f debug/main.o debug/employegui.o debug/moc_employegui.o
rm -f *~ core *.core
make[1] : on quitte le répertoire « /home/etudiant/Bureau/LaboratoireGIF1003/Laboratoire9/EmployeGUI »
12:52:56 **** Build of project EmployeGUI ****
make debug 
make -f Makefile.Debug
make[1] : on entre dans le répertoire « /home/etudiant/Bureau/LaboratoireGIF1003/Laboratoire9/EmployeGUI »
/usr/lib/i386-linux-gnu/qt4/bin/uic employegui.ui -o ui_employegui.h
g++ -c -pipe -g -Wall -W -D_REENTRANT -DQT_GUI_LIB -DQT_CORE_LIB -DQT_SHARED -I/usr/share/qt4/mkspecs/linux-g++ -I. -I/usr/include/qt4/QtCore -I/usr/include/qt4/QtGui -I/usr/include/qt4 -Idebug -I. -o debug/main.o main.cpp
g++ -c -pipe -g -Wall -W -D_REENTRANT -DQT_GUI_LIB -DQT_CORE_LIB -DQT_SHARED -I/usr/share/qt4/mkspecs/linux-g++ -I. -I/usr/include/qt4/QtCore -I/usr/include/qt4/QtGui -I/usr/include/qt4 -Idebug -I. -o debug/employegui.o employegui.cpp
/usr/lib/i386-linux-gnu/qt4/bin/moc -DQT_GUI_LIB -DQT_CORE_LIB -DQT_SHARED -I/usr/share/qt4/mkspecs/linux-g++ -I. -I/usr/include/qt4/QtCore -I/usr/include/qt4/QtGui -I/usr/include/qt4 -Idebug -I. employegui.h -o debug/moc_employegui.cpp
g++ -c -pipe -g -Wall -W -D_REENTRANT -DQT_GUI_LIB -DQT_CORE_LIB -DQT_SHARED -I/usr/share/qt4/mkspecs/linux-g++ -I. -I/usr/include/qt4/QtCore -I/usr/include/qt4/QtGui -I/usr/include/qt4 -Idebug -I. -o debug/moc_employegui.o debug/moc_employegui.cpp
g++  -o EmployeGUI debug/main.o debug/employegui.o debug/moc_employegui.o    -L/usr/lib/i386-linux-gnu -lQtGui -lQtCore -lpthread 
{ test -n "" && DESTDIR="" || DESTDIR=.; } && test $(gdb --version | sed -e 's,[^0-9][^0-9]*\([0-9]\)\.\([0-9]\).*,\1\2,;q') -gt 72 && gdb --nx --batch --quiet -ex 'set confirm off' -ex "save gdb-index $DESTDIR" -ex quit 'EmployeGUI' && test -f EmployeGUI.gdb-index && objcopy --add-section '.gdb_index=EmployeGUI.gdb-index' --set-section-flags '.gdb_index=readonly' 'EmployeGUI' 'EmployeGUI' && rm -f EmployeGUI.gdb-index || true
make[1] : on quitte le répertoire « /home/etudiant/Bureau/LaboratoireGIF1003/Laboratoire9/EmployeGUI »
12:59:14 **** Incremental Build of project EmployeGUI ****
make debug 
/usr/lib/i386-linux-gnu/qt4/bin/qmake CONFIG+=debug_and_release -o Makefile EmployeGUI.pro
make -f Makefile.Debug
make[1] : on entre dans le répertoire « /home/etudiant/Bureau/LaboratoireGIF1003/Laboratoire9/EmployeGUI »
g++ -c -pipe -g -Wall -W -D_REENTRANT -DQT_GUI_LIB -DQT_CORE_LIB -DQT_SHARED -I/usr/share/qt4/mkspecs/linux-g++ -I. -I/usr/include/qt4/QtCore -I/usr/include/qt4/QtGui -I/usr/include/qt4 -I../EmployeLib -Idebug -I. -o debug/main.o main.cpp
g++ -c -pipe -g -Wall -W -D_REENTRANT -DQT_GUI_LIB -DQT_CORE_LIB -DQT_SHARED -I/usr/share/qt4/mkspecs/linux-g++ -I. -I/usr/include/qt4/QtCore -I/usr/include/qt4/QtGui -I/usr/include/qt4 -I../EmployeLib -Idebug -I. -o debug/employegui.o employegui.cpp
/usr/lib/i386-linux-gnu/qt4/bin/moc -DQT_GUI_LIB -DQT_CORE_LIB -DQT_SHARED -I/usr/share/qt4/mkspecs/linux-g++ -I. -I/usr/include/qt4/QtCore -I/usr/include/qt4/QtGui -I/usr/include/qt4 -I../EmployeLib -Idebug -I. employegui.h -o debug/moc_employegui.cpp
g++ -c -pipe -g -Wall -W -D_REENTRANT -DQT_GUI_LIB -DQT_CORE_LIB -DQT_SHARED -I/usr/share/qt4/mkspecs/linux-g++ -I. -I/usr/include/qt4/QtCore -I/usr/include/qt4/QtGui -I/usr/include/qt4 -I../EmployeLib -Idebug -I. -o debug/moc_employegui.o debug/moc_employegui.cpp
g++  -o EmployeGUI debug/main.o debug/employegui.o debug/moc_employegui.o    -L/usr/lib/i386-linux-gnu ../EmployeLib/Debug/libEmployeLib.a -lQtGui -lQtCore -lpthread 
{ test -n "" && DESTDIR="" || DESTDIR=.; } && test $(gdb --version | sed -e 's,[^0-9][^0-9]*\([0-9]\)\.\([0-9]\).*,\1\2,;q') -gt 72 && gdb --nx --batch --quiet -ex 'set confirm off' -ex "save gdb-index $DESTDIR" -ex quit 'EmployeGUI' && test -f EmployeGUI.gdb-index && objcopy --add-section '.gdb_index=EmployeGUI.gdb-index' --set-section-flags '.gdb_index=readonly' 'EmployeGUI' 'EmployeGUI' && rm -f EmployeGUI.gdb-index || true
make[1] : on quitte le répertoire « /home/etudiant/Bureau/LaboratoireGIF1003/Laboratoire9/EmployeGUI »
12:59:18 **** Incremental Build of configuration Debug for project EmployeLib ****
make all 
Building file: ../Entreprise.cpp
Invoking: GCC C++ Compiler
g++ -std=c++98 -O0 -g3 -Wall -c -fmessage-length=0 -MMD -MP -MF"Entreprise.d" -MT"Entreprise.o" -o "Entreprise.o" "../Entreprise.cpp"
Finished building: ../Entreprise.cpp
 
Building target: libEmployeLib.a
Invoking: GCC Archiver
ar -r  "libEmployeLib.a"  ./ContratException.o ./Date.o ./Employe.o ./EmployeCommission.o ./EmployeHoraire.o ./Entreprise.o ./Patron.o   
ar: création de libEmployeLib.a
Finished building target: libEmployeLib.a
 
13:05:07 **** Incremental Build of project EmployeGUI ****
make debug 
make -f Makefile.Debug
make[1] : on entre dans le répertoire « /home/etudiant/Bureau/LaboratoireGIF1003/Laboratoire9/EmployeGUI »
/usr/lib/i386-linux-gnu/qt4/bin/uic employegui.ui -o ui_employegui.h
g++ -c -pipe -g -Wall -W -D_REENTRANT -DQT_GUI_LIB -DQT_CORE_LIB -DQT_SHARED -I/usr/share/qt4/mkspecs/linux-g++ -I. -I/usr/include/qt4/QtCore -I/usr/include/qt4/QtGui -I/usr/include/qt4 -I../EmployeLib -Idebug -I. -o debug/main.o main.cpp
g++ -c -pipe -g -Wall -W -D_REENTRANT -DQT_GUI_LIB -DQT_CORE_LIB -DQT_SHARED -I/usr/share/qt4/mkspecs/linux-g++ -I. -I/usr/include/qt4/QtCore -I/usr/include/qt4/QtGui -I/usr/include/qt4 -I../EmployeLib -Idebug -I. -o debug/employegui.o employegui.cpp
/usr/lib/i386-linux-gnu/qt4/bin/moc -DQT_GUI_LIB -DQT_CORE_LIB -DQT_SHARED -I/usr/share/qt4/mkspecs/linux-g++ -I. -I/usr/include/qt4/QtCore -I/usr/include/qt4/QtGui -I/usr/include/qt4 -I../EmployeLib -Idebug -I. employegui.h -o debug/moc_employegui.cpp
g++ -c -pipe -g -Wall -W -D_REENTRANT -DQT_GUI_LIB -DQT_CORE_LIB -DQT_SHARED -I/usr/share/qt4/mkspecs/linux-g++ -I. -I/usr/include/qt4/QtCore -I/usr/include/qt4/QtGui -I/usr/include/qt4 -I../EmployeLib -Idebug -I. -o debug/moc_employegui.o debug/moc_employegui.cpp
g++  -o EmployeGUI debug/main.o debug/employegui.o debug/moc_employegui.o    -L/usr/lib/i386-linux-gnu ../EmployeLib/Debug/libEmployeLib.a -lQtGui -lQtCore -lpthread 
{ test -n "" && DESTDIR="" || DESTDIR=.; } && test $(gdb --version | sed -e 's,[^0-9][^0-9]*\([0-9]\)\.\([0-9]\).*,\1\2,;q') -gt 72 && gdb --nx --batch --quiet -ex 'set confirm off' -ex "save gdb-index $DESTDIR" -ex quit 'EmployeGUI' && test -f EmployeGUI.gdb-index && objcopy --add-section '.gdb_index=EmployeGUI.gdb-index' --set-section-flags '.gdb_index=readonly' 'EmployeGUI' 'EmployeGUI' && rm -f EmployeGUI.gdb-index || true
make[1] : on quitte le répertoire « /home/etudiant/Bureau/LaboratoireGIF1003/Laboratoire9/EmployeGUI »
13:05:10 **** Incremental Build of configuration Debug for project EmployeLib ****
make all 
make: rien à faire pour « all ».
13:14:09 **** Incremental Build of project EmployeGUI ****
make debug 
make -f Makefile.Debug
make[1] : on entre dans le répertoire « /home/etudiant/Bureau/LaboratoireGIF1003/Laboratoire9/EmployeGUI »
/usr/lib/i386-linux-gnu/qt4/bin/uic employegui.ui -o ui_employegui.h
g++ -c -pipe -g -Wall -W -D_REENTRANT -DQT_GUI_LIB -DQT_CORE_LIB -DQT_SHARED -I/usr/share/qt4/mkspecs/linux-g++ -I. -I/usr/include/qt4/QtCore -I/usr/include/qt4/QtGui -I/usr/include/qt4 -I../EmployeLib -Idebug -I. -o debug/main.o main.cpp
g++ -c -pipe -g -Wall -W -D_REENTRANT -DQT_GUI_LIB -DQT_CORE_LIB -DQT_SHARED -I/usr/share/qt4/mkspecs/linux-g++ -I. -I/usr/include/qt4/QtCore -I/usr/include/qt4/QtGui -I/usr/include/qt4 -I../EmployeLib -Idebug -I. -o debug/employegui.o employegui.cpp
/usr/lib/i386-linux-gnu/qt4/bin/moc -DQT_GUI_LIB -DQT_CORE_LIB -DQT_SHARED -I/usr/share/qt4/mkspecs/linux-g++ -I. -I/usr/include/qt4/QtCore -I/usr/include/qt4/QtGui -I/usr/include/qt4 -I../EmployeLib -Idebug -I. employegui.h -o debug/moc_employegui.cpp
g++ -c -pipe -g -Wall -W -D_REENTRANT -DQT_GUI_LIB -DQT_CORE_LIB -DQT_SHARED -I/usr/share/qt4/mkspecs/linux-g++ -I. -I/usr/include/qt4/QtCore -I/usr/include/qt4/QtGui -I/usr/include/qt4 -I../EmployeLib -Idebug -I. -o debug/moc_employegui.o debug/moc_employegui.cpp
g++  -o EmployeGUI debug/main.o debug/employegui.o debug/moc_employegui.o    -L/usr/lib/i386-linux-gnu ../EmployeLib/Debug/libEmployeLib.a -lQtGui -lQtCore -lpthread 
{ test -n "" && DESTDIR="" || DESTDIR=.; } && test $(gdb --version | sed -e 's,[^0-9][^0-9]*\([0-9]\)\.\([0-9]\).*,\1\2,;q') -gt 72 && gdb --nx --batch --quiet -ex 'set confirm off' -ex "save gdb-index $DESTDIR" -ex quit 'EmployeGUI' && test -f EmployeGUI.gdb-index && objcopy --add-section '.gdb_index=EmployeGUI.gdb-index' --set-section-flags '.gdb_index=readonly' 'EmployeGUI' 'EmployeGUI' && rm -f EmployeGUI.gdb-index || true
make[1] : on quitte le répertoire « /home/etudiant/Bureau/LaboratoireGIF1003/Laboratoire9/EmployeGUI »
13:14:13 **** Incremental Build of configuration Debug for project EmployeLib ****
make all 
make: rien à faire pour « all ».
13:18:44 **** Incremental Build of project EmployeGUI ****
make debug 
make -f Makefile.Debug
make[1] : on entre dans le répertoire « /home/etudiant/Bureau/LaboratoireGIF1003/Laboratoire9/EmployeGUI »
g++ -c -pipe -g -Wall -W -D_REENTRANT -DQT_GUI_LIB -DQT_CORE_LIB -DQT_SHARED -I/usr/share/qt4/mkspecs/linux-g++ -I. -I/usr/include/qt4/QtCore -I/usr/include/qt4/QtGui -I/usr/include/qt4 -I../EmployeLib -Idebug -I. -o debug/employegui.o employegui.cpp
employegui.cpp: In constructor ‘EmployeGUI::EmployeGUI(QWidget*)’:
employegui.cpp:13:33: error: request for member ‘setText’ in ‘((EmployeGUI*)this)->EmployeGUI::ui.Ui::EmployeGUIClass::<anonymous>.Ui_EmployeGUIClass::affichageEntrepriseTextEdit’, which is of pointer type ‘QTextEdit*’ (maybe you meant to use ‘->’ ?)
  ui.affichageEntrepriseTextEdit.setText(m_entreprise.reqEntrepriseFormate().c_str());
                                 ^
Makefile.Debug:172 : la recette pour la cible « debug/employegui.o » a échouée
make[1] : on quitte le répertoire « /home/etudiant/Bureau/LaboratoireGIF1003/Laboratoire9/EmployeGUI »
Makefile:50 : la recette pour la cible « debug » a échouée
make[1]: *** [debug/employegui.o] Erreur 1
make: *** [debug] Erreur 2
13:18:45 **** Incremental Build of configuration Debug for project EmployeLib ****
make all 
make: rien à faire pour « all ».
13:19:27 **** Incremental Build of project EmployeGUI ****
make debug 
make -f Makefile.Debug
make[1] : on entre dans le répertoire « /home/etudiant/Bureau/LaboratoireGIF1003/Laboratoire9/EmployeGUI »
g++ -c -pipe -g -Wall -W -D_REENTRANT -DQT_GUI_LIB -DQT_CORE_LIB -DQT_SHARED -I/usr/share/qt4/mkspecs/linux-g++ -I. -I/usr/include/qt4/QtCore -I/usr/include/qt4/QtGui -I/usr/include/qt4 -I../EmployeLib -Idebug -I. -o debug/employegui.o employegui.cpp
g++  -o EmployeGUI debug/main.o debug/employegui.o debug/moc_employegui.o    -L/usr/lib/i386-linux-gnu ../EmployeLib/Debug/libEmployeLib.a -lQtGui -lQtCore -lpthread 
{ test -n "" && DESTDIR="" || DESTDIR=.; } && test $(gdb --version | sed -e 's,[^0-9][^0-9]*\([0-9]\)\.\([0-9]\).*,\1\2,;q') -gt 72 && gdb --nx --batch --quiet -ex 'set confirm off' -ex "save gdb-index $DESTDIR" -ex quit 'EmployeGUI' && test -f EmployeGUI.gdb-index && objcopy --add-section '.gdb_index=EmployeGUI.gdb-index' --set-section-flags '.gdb_index=readonly' 'EmployeGUI' 'EmployeGUI' && rm -f EmployeGUI.gdb-index || true
make[1] : on quitte le répertoire « /home/etudiant/Bureau/LaboratoireGIF1003/Laboratoire9/EmployeGUI »
13:19:28 **** Incremental Build of configuration Debug for project EmployeLib ****
make all 
make: rien à faire pour « all ».
13:28:32 **** Incremental Build of project EmployeGUI ****
make debug 
/usr/lib/i386-linux-gnu/qt4/bin/qmake CONFIG+=debug_and_release -o Makefile EmployeGUI.pro
make -f Makefile.Debug
make[1] : on entre dans le répertoire « /home/etudiant/Bureau/LaboratoireGIF1003/Laboratoire9/EmployeGUI »
/usr/lib/i386-linux-gnu/qt4/bin/uic employecommissiondialog.ui -o ui_employecommissiondialog.h
/usr/lib/i386-linux-gnu/qt4/bin/uic employegui.ui -o ui_employegui.h
g++ -c -pipe -g -Wall -W -D_REENTRANT -DQT_GUI_LIB -DQT_CORE_LIB -DQT_SHARED -I/usr/share/qt4/mkspecs/linux-g++ -I. -I/usr/include/qt4/QtCore -I/usr/include/qt4/QtGui -I/usr/include/qt4 -I../EmployeLib -Idebug -I. -o debug/employecommissiondialog.o employecommissiondialog.cpp
g++ -c -pipe -g -Wall -W -D_REENTRANT -DQT_GUI_LIB -DQT_CORE_LIB -DQT_SHARED -I/usr/share/qt4/mkspecs/linux-g++ -I. -I/usr/include/qt4/QtCore -I/usr/include/qt4/QtGui -I/usr/include/qt4 -I../EmployeLib -Idebug -I. -o debug/main.o main.cpp
g++ -c -pipe -g -Wall -W -D_REENTRANT -DQT_GUI_LIB -DQT_CORE_LIB -DQT_SHARED -I/usr/share/qt4/mkspecs/linux-g++ -I. -I/usr/include/qt4/QtCore -I/usr/include/qt4/QtGui -I/usr/include/qt4 -I../EmployeLib -Idebug -I. -o debug/employegui.o employegui.cpp
/usr/lib/i386-linux-gnu/qt4/bin/moc -DQT_GUI_LIB -DQT_CORE_LIB -DQT_SHARED -I/usr/share/qt4/mkspecs/linux-g++ -I. -I/usr/include/qt4/QtCore -I/usr/include/qt4/QtGui -I/usr/include/qt4 -I../EmployeLib -Idebug -I. employecommissiondialog.h -o debug/moc_employecommissiondialog.cpp
g++ -c -pipe -g -Wall -W -D_REENTRANT -DQT_GUI_LIB -DQT_CORE_LIB -DQT_SHARED -I/usr/share/qt4/mkspecs/linux-g++ -I. -I/usr/include/qt4/QtCore -I/usr/include/qt4/QtGui -I/usr/include/qt4 -I../EmployeLib -Idebug -I. -o debug/moc_employecommissiondialog.o debug/moc_employecommissiondialog.cpp
/usr/lib/i386-linux-gnu/qt4/bin/moc -DQT_GUI_LIB -DQT_CORE_LIB -DQT_SHARED -I/usr/share/qt4/mkspecs/linux-g++ -I. -I/usr/include/qt4/QtCore -I/usr/include/qt4/QtGui -I/usr/include/qt4 -I../EmployeLib -Idebug -I. employegui.h -o debug/moc_employegui.cpp
g++ -c -pipe -g -Wall -W -D_REENTRANT -DQT_GUI_LIB -DQT_CORE_LIB -DQT_SHARED -I/usr/share/qt4/mkspecs/linux-g++ -I. -I/usr/include/qt4/QtCore -I/usr/include/qt4/QtGui -I/usr/include/qt4 -I../EmployeLib -Idebug -I. -o debug/moc_employegui.o debug/moc_employegui.cpp
g++  -o EmployeGUI debug/employecommissiondialog.o debug/main.o debug/employegui.o debug/moc_employecommissiondialog.o debug/moc_employegui.o    -L/usr/lib/i386-linux-gnu ../EmployeLib/Debug/libEmployeLib.a -lQtGui -lQtCore -lpthread 
{ test -n "" && DESTDIR="" || DESTDIR=.; } && test $(gdb --version | sed -e 's,[^0-9][^0-9]*\([0-9]\)\.\([0-9]\).*,\1\2,;q') -gt 72 && gdb --nx --batch --quiet -ex 'set confirm off' -ex "save gdb-index $DESTDIR" -ex quit 'EmployeGUI' && test -f EmployeGUI.gdb-index && objcopy --add-section '.gdb_index=EmployeGUI.gdb-index' --set-section-flags '.gdb_index=readonly' 'EmployeGUI' 'EmployeGUI' && rm -f EmployeGUI.gdb-index || true
make[1] : on quitte le répertoire « /home/etudiant/Bureau/LaboratoireGIF1003/Laboratoire9/EmployeGUI »
13:28:37 **** Incremental Build of configuration Debug for project EmployeLib ****
make all 
make: rien à faire pour « all ».
/usr/bin/qmake -recursive CONFIG+=debug_and_release EmployeGUI.pro 
13:31:55 **** Incremental Build of project EmployeGUI ****
make debug 
make -f Makefile.Debug
make[1] : on entre dans le répertoire « /home/etudiant/Bureau/LaboratoireGIF1003/Laboratoire9/EmployeGUI »
g++ -c -pipe -g -Wall -W -D_REENTRANT -DQT_GUI_LIB -DQT_CORE_LIB -DQT_SHARED -I/usr/share/qt4/mkspecs/linux-g++ -I. -I/usr/include/qt4/QtCore -I/usr/include/qt4/QtGui -I/usr/include/qt4 -I../EmployeLib -Idebug -I. -o debug/employegui.o employegui.cpp
g++  -o EmployeGUI debug/employecommissiondialog.o debug/main.o debug/employegui.o debug/moc_employecommissiondialog.o debug/moc_employegui.o    -L/usr/lib/i386-linux-gnu ../EmployeLib/Debug/libEmployeLib.a -lQtGui -lQtCore -lpthread 
{ test -n "" && DESTDIR="" || DESTDIR=.; } && test $(gdb --version | sed -e 's,[^0-9][^0-9]*\([0-9]\)\.\([0-9]\).*,\1\2,;q') -gt 72 && gdb --nx --batch --quiet -ex 'set confirm off' -ex "save gdb-index $DESTDIR" -ex quit 'EmployeGUI' && test -f EmployeGUI.gdb-index && objcopy --add-section '.gdb_index=EmployeGUI.gdb-index' --set-section-flags '.gdb_index=readonly' 'EmployeGUI' 'EmployeGUI' && rm -f EmployeGUI.gdb-index || true
make[1] : on quitte le répertoire « /home/etudiant/Bureau/LaboratoireGIF1003/Laboratoire9/EmployeGUI »
13:31:56 **** Incremental Build of configuration Debug for project EmployeLib ****
make all 
make: rien à faire pour « all ».
13:32:15 **** Incremental Build of project EmployeGUI ****
make debug 
make -f Makefile.Debug
make[1] : on entre dans le répertoire « /home/etudiant/Bureau/LaboratoireGIF1003/Laboratoire9/EmployeGUI »
g++ -c -pipe -g -Wall -W -D_REENTRANT -DQT_GUI_LIB -DQT_CORE_LIB -DQT_SHARED -I/usr/share/qt4/mkspecs/linux-g++ -I. -I/usr/include/qt4/QtCore -I/usr/include/qt4/QtGui -I/usr/include/qt4 -I../EmployeLib -Idebug -I. -o debug/employegui.o employegui.cpp
g++  -o EmployeGUI debug/employecommissiondialog.o debug/main.o debug/employegui.o debug/moc_employecommissiondialog.o debug/moc_employegui.o    -L/usr/lib/i386-linux-gnu ../EmployeLib/Debug/libEmployeLib.a -lQtGui -lQtCore -lpthread 
{ test -n "" && DESTDIR="" || DESTDIR=.; } && test $(gdb --version | sed -e 's,[^0-9][^0-9]*\([0-9]\)\.\([0-9]\).*,\1\2,;q') -gt 72 && gdb --nx --batch --quiet -ex 'set confirm off' -ex "save gdb-index $DESTDIR" -ex quit 'EmployeGUI' && test -f EmployeGUI.gdb-index && objcopy --add-section '.gdb_index=EmployeGUI.gdb-index' --set-section-flags '.gdb_index=readonly' 'EmployeGUI' 'EmployeGUI' && rm -f EmployeGUI.gdb-index || true
make[1] : on quitte le répertoire « /home/etudiant/Bureau/LaboratoireGIF1003/Laboratoire9/EmployeGUI »
13:32:16 **** Incremental Build of configuration Debug for project EmployeLib ****
make all 
make: rien à faire pour « all ».
13:45:52 **** Incremental Build of project EmployeGUI ****
make debug 
make -f Makefile.Debug
make[1] : on entre dans le répertoire « /home/etudiant/Bureau/LaboratoireGIF1003/Laboratoire9/EmployeGUI »
/usr/lib/i386-linux-gnu/qt4/bin/uic employecommissiondialog.ui -o ui_employecommissiondialog.h
g++ -c -pipe -g -Wall -W -D_REENTRANT -DQT_GUI_LIB -DQT_CORE_LIB -DQT_SHARED -I/usr/share/qt4/mkspecs/linux-g++ -I. -I/usr/include/qt4/QtCore -I/usr/include/qt4/QtGui -I/usr/include/qt4 -I../EmployeLib -Idebug -I. -o debug/employecommissiondialog.o employecommissiondialog.cpp
/usr/lib/i386-linux-gnu/qt4/bin/moc -DQT_GUI_LIB -DQT_CORE_LIB -DQT_SHARED -I/usr/share/qt4/mkspecs/linux-g++ -I. -I/usr/include/qt4/QtCore -I/usr/include/qt4/QtGui -I/usr/include/qt4 -I../EmployeLib -Idebug -I. employecommissiondialog.h -o debug/moc_employecommissiondialog.cpp
g++ -c -pipe -g -Wall -W -D_REENTRANT -DQT_GUI_LIB -DQT_CORE_LIB -DQT_SHARED -I/usr/share/qt4/mkspecs/linux-g++ -I. -I/usr/include/qt4/QtCore -I/usr/include/qt4/QtGui -I/usr/include/qt4 -I../EmployeLib -Idebug -I. -o debug/moc_employecommissiondialog.o debug/moc_employecommissiondialog.cpp
g++  -o EmployeGUI debug/employecommissiondialog.o debug/main.o debug/employegui.o debug/moc_employecommissiondialog.o debug/moc_employegui.o    -L/usr/lib/i386-linux-gnu ../EmployeLib/Debug/libEmployeLib.a -lQtGui -lQtCore -lpthread 
{ test -n "" && DESTDIR="" || DESTDIR=.; } && test $(gdb --version | sed -e 's,[^0-9][^0-9]*\([0-9]\)\.\([0-9]\).*,\1\2,;q') -gt 72 && gdb --nx --batch --quiet -ex 'set confirm off' -ex "save gdb-index $DESTDIR" -ex quit 'EmployeGUI' && test -f EmployeGUI.gdb-index && objcopy --add-section '.gdb_index=EmployeGUI.gdb-index' --set-section-flags '.gdb_index=readonly' 'EmployeGUI' 'EmployeGUI' && rm -f EmployeGUI.gdb-index || true
make[1] : on quitte le répertoire « /home/etudiant/Bureau/LaboratoireGIF1003/Laboratoire9/EmployeGUI »
13:45:54 **** Incremental Build of configuration Debug for project EmployeLib ****
make all 
make: rien à faire pour « all ».
14:06:29 **** Incremental Build of project EmployeGUI ****
make debug 
make -f Makefile.Debug
make[1] : on entre dans le répertoire « /home/etudiant/Bureau/LaboratoireGIF1003/Laboratoire9/EmployeGUI »
g++ -c -pipe -g -Wall -W -D_REENTRANT -DQT_GUI_LIB -DQT_CORE_LIB -DQT_SHARED -I/usr/share/qt4/mkspecs/linux-g++ -I. -I/usr/include/qt4/QtCore -I/usr/include/qt4/QtGui -I/usr/include/qt4 -I../EmployeLib -Idebug -I. -o debug/employecommissiondialog.o employecommissiondialog.cpp
g++ -c -pipe -g -Wall -W -D_REENTRANT -DQT_GUI_LIB -DQT_CORE_LIB -DQT_SHARED -I/usr/share/qt4/mkspecs/linux-g++ -I. -I/usr/include/qt4/QtCore -I/usr/include/qt4/QtGui -I/usr/include/qt4 -I../EmployeLib -Idebug -I. -o debug/employegui.o employegui.cpp
/usr/lib/i386-linux-gnu/qt4/bin/moc -DQT_GUI_LIB -DQT_CORE_LIB -DQT_SHARED -I/usr/share/qt4/mkspecs/linux-g++ -I. -I/usr/include/qt4/QtCore -I/usr/include/qt4/QtGui -I/usr/include/qt4 -I../EmployeLib -Idebug -I. employecommissiondialog.h -o debug/moc_employecommissiondialog.cpp
g++ -c -pipe -g -Wall -W -D_REENTRANT -DQT_GUI_LIB -DQT_CORE_LIB -DQT_SHARED -I/usr/share/qt4/mkspecs/linux-g++ -I. -I/usr/include/qt4/QtCore -I/usr/include/qt4/QtGui -I/usr/include/qt4 -I../EmployeLib -Idebug -I. -o debug/moc_employecommissiondialog.o debug/moc_employecommissiondialog.cpp
g++  -o EmployeGUI debug/employecommissiondialog.o debug/main.o debug/employegui.o debug/moc_employecommissiondialog.o debug/moc_employegui.o    -L/usr/lib/i386-linux-gnu ../EmployeLib/Debug/libEmployeLib.a -lQtGui -lQtCore -lpthread 
{ test -n "" && DESTDIR="" || DESTDIR=.; } && test $(gdb --version | sed -e 's,[^0-9][^0-9]*\([0-9]\)\.\([0-9]\).*,\1\2,;q') -gt 72 && gdb --nx --batch --quiet -ex 'set confirm off' -ex "save gdb-index $DESTDIR" -ex quit 'EmployeGUI' && test -f EmployeGUI.gdb-index && objcopy --add-section '.gdb_index=EmployeGUI.gdb-index' --set-section-flags '.gdb_index=readonly' 'EmployeGUI' 'EmployeGUI' && rm -f EmployeGUI.gdb-index || true
make[1] : on quitte le répertoire « /home/etudiant/Bureau/LaboratoireGIF1003/Laboratoire9/EmployeGUI »
14:06:32 **** Incremental Build of configuration Debug for project EmployeLib ****
make all 
make: rien à faire pour « all ».
14:10:22 **** Incremental Build of project EmployeGUI ****
make debug 
make -f Makefile.Debug
make[1] : on entre dans le répertoire « /home/etudiant/Bureau/LaboratoireGIF1003/Laboratoire9/EmployeGUI »
g++ -c -pipe -g -Wall -W -D_REENTRANT -DQT_GUI_LIB -DQT_CORE_LIB -DQT_SHARED -I/usr/share/qt4/mkspecs/linux-g++ -I. -I/usr/include/qt4/QtCore -I/usr/include/qt4/QtGui -I/usr/include/qt4 -I../EmployeLib -Idebug -I. -o debug/employecommissiondialog.o employecommissiondialog.cpp
g++  -o EmployeGUI debug/employecommissiondialog.o debug/main.o debug/employegui.o debug/moc_employecommissiondialog.o debug/moc_employegui.o    -L/usr/lib/i386-linux-gnu ../EmployeLib/Debug/libEmployeLib.a -lQtGui -lQtCore -lpthread 
{ test -n "" && DESTDIR="" || DESTDIR=.; } && test $(gdb --version | sed -e 's,[^0-9][^0-9]*\([0-9]\)\.\([0-9]\).*,\1\2,;q') -gt 72 && gdb --nx --batch --quiet -ex 'set confirm off' -ex "save gdb-index $DESTDIR" -ex quit 'EmployeGUI' && test -f EmployeGUI.gdb-index && objcopy --add-section '.gdb_index=EmployeGUI.gdb-index' --set-section-flags '.gdb_index=readonly' 'EmployeGUI' 'EmployeGUI' && rm -f EmployeGUI.gdb-index || true
make[1] : on quitte le répertoire « /home/etudiant/Bureau/LaboratoireGIF1003/Laboratoire9/EmployeGUI »
14:10:23 **** Incremental Build of configuration Debug for project EmployeLib ****
make all 
make: rien à faire pour « all ».
14:29:28 **** Incremental Build of project EmployeGUI ****
make debug 
make -f Makefile.Debug
make[1] : on entre dans le répertoire « /home/etudiant/Bureau/LaboratoireGIF1003/Laboratoire9/EmployeGUI »
g++ -c -pipe -g -Wall -W -D_REENTRANT -DQT_GUI_LIB -DQT_CORE_LIB -DQT_SHARED -I/usr/share/qt4/mkspecs/linux-g++ -I. -I/usr/include/qt4/QtCore -I/usr/include/qt4/QtGui -I/usr/include/qt4 -I../EmployeLib -Idebug -I. -o debug/employecommissiondialog.o employecommissiondialog.cpp
g++  -o EmployeGUI debug/employecommissiondialog.o debug/main.o debug/employegui.o debug/moc_employecommissiondialog.o debug/moc_employegui.o    -L/usr/lib/i386-linux-gnu ../EmployeLib/Debug/libEmployeLib.a -lQtGui -lQtCore -lpthread 
{ test -n "" && DESTDIR="" || DESTDIR=.; } && test $(gdb --version | sed -e 's,[^0-9][^0-9]*\([0-9]\)\.\([0-9]\).*,\1\2,;q') -gt 72 && gdb --nx --batch --quiet -ex 'set confirm off' -ex "save gdb-index $DESTDIR" -ex quit 'EmployeGUI' && test -f EmployeGUI.gdb-index && objcopy --add-section '.gdb_index=EmployeGUI.gdb-index' --set-section-flags '.gdb_index=readonly' 'EmployeGUI' 'EmployeGUI' && rm -f EmployeGUI.gdb-index || true
make[1] : on quitte le répertoire « /home/etudiant/Bureau/LaboratoireGIF1003/Laboratoire9/EmployeGUI »
